This file contains any messages produced by compilers while
running configure, to aid debugging if configure makes a mistake.

It was created by Jupiter configure 1.0, which was
generated by GNU Autoconf 2.69.  Invocation command line was

  $ ./configure 

## --------- ##
## Platform. ##
## --------- ##

hostname = 186590cbe663.ant.amazon.com
uname -m = x86_64
uname -r = 16.7.0
uname -s = Darwin
uname -v = Darwin Kernel Version 16.7.0: Sun Oct 28 22:30:19 PDT 2018; root:xnu-3789.73.27~1/RELEASE_X86_64

/usr/bin/uname -p = i386
/bin/uname -X     = unknown

/bin/arch              = unknown
/usr/bin/arch -k       = unknown
/usr/convex/getsysinfo = unknown
/usr/bin/hostinfo      = Mach kernel version:
	 Darwin Kernel Version 16.7.0: Sun Oct 28 22:30:19 PDT 2018; root:xnu-3789.73.27~1/RELEASE_X86_64
Kernel configured for up to 4 processors.
2 processors are physically available.
4 processors are logically available.
Processor type: x86_64h (Intel x86-64h Haswell)
Processors active: 0 1 2 3
Primary memory available: 16.00 gigabytes
Default processor set: 508 tasks, 2932 threads, 4 processors
Load average: 2.64, Mach factor: 1.62
/bin/machine           = unknown
/usr/bin/oslevel       = unknown
/bin/universe          = unknown

PATH: /usr/local/opt/gnu-tar/libexec/gnubin
PATH: /Users/forresty/.cargo/bin
PATH: /Users/forresty/.toolbox/bin
PATH: /Users/forresty/.cargo/bin
PATH: /usr/local/bin
PATH: /usr/bin
PATH: /bin
PATH: /usr/sbin
PATH: /sbin
PATH: /opt/X11/bin
PATH: /usr/local/MacGPG2/bin
PATH: /usr/local/opt/gnu-tar/libexec/gnubin
PATH: /Users/forresty/.cargo/bin
PATH: /Users/forresty/.toolbox/bin
PATH: /opt/anaconda3/bin


## ----------- ##
## Core tests. ##
## ----------- ##

configure:2029: checking for gcc
configure:2045: found /usr/bin/gcc
configure:2056: result: gcc
configure:2285: checking for C compiler version
configure:2294: gcc --version >&5
Apple LLVM version 9.0.0 (clang-900.0.39.2)
Target: x86_64-apple-darwin16.7.0
Thread model: posix
InstalledDir: /Applications/Xcode.app/Contents/Developer/Toolchains/XcodeDefault.xctoolchain/usr/bin
Configured with: --prefix=/Applications/Xcode.app/Contents/Developer/usr --with-gxx-include-dir=/usr/include/c++/4.2.1
configure:2305: $? = 0
configure:2294: gcc -v >&5
Configured with: --prefix=/Applications/Xcode.app/Contents/Developer/usr --with-gxx-include-dir=/usr/include/c++/4.2.1
Apple LLVM version 9.0.0 (clang-900.0.39.2)
Target: x86_64-apple-darwin16.7.0
Thread model: posix
InstalledDir: /Applications/Xcode.app/Contents/Developer/Toolchains/XcodeDefault.xctoolchain/usr/bin
configure:2305: $? = 0
configure:2294: gcc -V >&5
clang: error: argument to '-V' is missing (expected 1 value)
clang: error: no input files
configure:2305: $? = 1
configure:2294: gcc -qversion >&5
clang: error: unknown argument: '-qversion'
clang: error: no input files
configure:2305: $? = 1
configure:2325: checking whether the C compiler works
configure:2347: gcc    conftest.c  >&5
configure:2351: $? = 0
configure:2399: result: yes
configure:2402: checking for C compiler default output file name
configure:2404: result: a.out
configure:2410: checking for suffix of executables
configure:2417: gcc -o conftest    conftest.c  >&5
configure:2421: $? = 0
configure:2443: result: 
configure:2465: checking whether we are cross compiling
configure:2473: gcc -o conftest    conftest.c  >&5
configure:2477: $? = 0
configure:2484: ./conftest
configure:2488: $? = 0
configure:2503: result: no
configure:2508: checking for suffix of object files
configure:2530: gcc -c   conftest.c >&5
configure:2534: $? = 0
configure:2555: result: o
configure:2559: checking whether we are using the GNU C compiler
configure:2578: gcc -c   conftest.c >&5
configure:2578: $? = 0
configure:2587: result: yes
configure:2596: checking whether gcc accepts -g
configure:2616: gcc -c -g  conftest.c >&5
configure:2616: $? = 0
configure:2657: result: yes
configure:2674: checking for gcc option to accept ISO C89
configure:2737: gcc  -c -g -O2  conftest.c >&5
configure:2737: $? = 0
configure:2750: result: none needed
configure:2813: checking for a BSD-compatible install
configure:2881: result: /usr/bin/install -c
configure:2902: checking how to run the C preprocessor
configure:2933: gcc -E  conftest.c
configure:2933: $? = 0
configure:2947: gcc -E  conftest.c
conftest.c:9:10: fatal error: 'ac_nonexistent.h' file not found
#include <ac_nonexistent.h>
         ^~~~~~~~~~~~~~~~~~
1 error generated.
configure:2947: $? = 1
configure: failed program was:
| /* confdefs.h */
| #define PACKAGE_NAME "Jupiter"
| #define PACKAGE_TARNAME "jupiter"
| #define PACKAGE_VERSION "1.0"
| #define PACKAGE_STRING "Jupiter 1.0"
| #define PACKAGE_BUGREPORT "jupiter-bugs@example.org"
| #define PACKAGE_URL ""
| /* end confdefs.h.  */
| #include <ac_nonexistent.h>
configure:2972: result: gcc -E
configure:2992: gcc -E  conftest.c
configure:2992: $? = 0
configure:3006: gcc -E  conftest.c
conftest.c:9:10: fatal error: 'ac_nonexistent.h' file not found
#include <ac_nonexistent.h>
         ^~~~~~~~~~~~~~~~~~
1 error generated.
configure:3006: $? = 1
configure: failed program was:
| /* confdefs.h */
| #define PACKAGE_NAME "Jupiter"
| #define PACKAGE_TARNAME "jupiter"
| #define PACKAGE_VERSION "1.0"
| #define PACKAGE_STRING "Jupiter 1.0"
| #define PACKAGE_BUGREPORT "jupiter-bugs@example.org"
| #define PACKAGE_URL ""
| /* end confdefs.h.  */
| #include <ac_nonexistent.h>
configure:3035: checking for grep that handles long lines and -e
configure:3093: result: /usr/bin/grep
configure:3098: checking for egrep
configure:3160: result: /usr/bin/grep -E
configure:3165: checking for ANSI C header files
configure:3185: gcc -c -g -O2  conftest.c >&5
configure:3185: $? = 0
configure:3258: gcc -o conftest -g -O2   conftest.c  >&5
configure:3258: $? = 0
configure:3258: ./conftest
configure:3258: $? = 0
configure:3269: result: yes
configure:3282: checking for sys/types.h
configure:3282: gcc -c -g -O2  conftest.c >&5
configure:3282: $? = 0
configure:3282: result: yes
configure:3282: checking for sys/stat.h
configure:3282: gcc -c -g -O2  conftest.c >&5
configure:3282: $? = 0
configure:3282: result: yes
configure:3282: checking for stdlib.h
configure:3282: gcc -c -g -O2  conftest.c >&5
configure:3282: $? = 0
configure:3282: result: yes
configure:3282: checking for string.h
configure:3282: gcc -c -g -O2  conftest.c >&5
configure:3282: $? = 0
configure:3282: result: yes
configure:3282: checking for memory.h
configure:3282: gcc -c -g -O2  conftest.c >&5
configure:3282: $? = 0
configure:3282: result: yes
configure:3282: checking for strings.h
configure:3282: gcc -c -g -O2  conftest.c >&5
configure:3282: $? = 0
configure:3282: result: yes
configure:3282: checking for inttypes.h
configure:3282: gcc -c -g -O2  conftest.c >&5
configure:3282: $? = 0
configure:3282: result: yes
configure:3282: checking for stdint.h
configure:3282: gcc -c -g -O2  conftest.c >&5
configure:3282: $? = 0
configure:3282: result: yes
configure:3282: checking for unistd.h
configure:3282: gcc -c -g -O2  conftest.c >&5
configure:3282: $? = 0
configure:3282: result: yes
configure:3296: checking for stdlib.h
configure:3296: result: yes
configure:3427: creating ./config.status

## ---------------------- ##
## Running config.status. ##
## ---------------------- ##

This file was extended by Jupiter config.status 1.0, which was
generated by GNU Autoconf 2.69.  Invocation command line was

  CONFIG_FILES    = 
  CONFIG_HEADERS  = 
  CONFIG_LINKS    = 
  CONFIG_COMMANDS = 
  $ ./config.status 

on 186590cbe663.ant.amazon.com

config.status:803: creating Makefile
config.status:803: creating src/Makefile
config.status:803: creating config.h

## ---------------- ##
## Cache variables. ##
## ---------------- ##

ac_cv_c_compiler_gnu=yes
ac_cv_env_CC_set=
ac_cv_env_CC_value=
ac_cv_env_CFLAGS_set=
ac_cv_env_CFLAGS_value=
ac_cv_env_CPPFLAGS_set=
ac_cv_env_CPPFLAGS_value=
ac_cv_env_CPP_set=
ac_cv_env_CPP_value=
ac_cv_env_LDFLAGS_set=
ac_cv_env_LDFLAGS_value=
ac_cv_env_LIBS_set=
ac_cv_env_LIBS_value=
ac_cv_env_build_alias_set=
ac_cv_env_build_alias_value=
ac_cv_env_host_alias_set=
ac_cv_env_host_alias_value=
ac_cv_env_target_alias_set=
ac_cv_env_target_alias_value=
ac_cv_header_inttypes_h=yes
ac_cv_header_memory_h=yes
ac_cv_header_stdc=yes
ac_cv_header_stdint_h=yes
ac_cv_header_stdlib_h=yes
ac_cv_header_string_h=yes
ac_cv_header_strings_h=yes
ac_cv_header_sys_stat_h=yes
ac_cv_header_sys_types_h=yes
ac_cv_header_unistd_h=yes
ac_cv_objext=o
ac_cv_path_EGREP='/usr/bin/grep -E'
ac_cv_path_GREP=/usr/bin/grep
ac_cv_path_install='/usr/bin/install -c'
ac_cv_prog_CPP='gcc -E'
ac_cv_prog_ac_ct_CC=gcc
ac_cv_prog_cc_c89=
ac_cv_prog_cc_g=yes

## ----------------- ##
## Output variables. ##
## ----------------- ##

CC='gcc'
CFLAGS='-g -O2'
CPP='gcc -E'
CPPFLAGS=''
DEFS='-DHAVE_CONFIG_H'
ECHO_C='\c'
ECHO_N=''
ECHO_T=''
EGREP='/usr/bin/grep -E'
EXEEXT=''
GREP='/usr/bin/grep'
INSTALL_DATA='${INSTALL} -m 644'
INSTALL_PROGRAM='${INSTALL}'
INSTALL_SCRIPT='${INSTALL}'
LDFLAGS=''
LIBOBJS=''
LIBS=''
LTLIBOBJS=''
OBJEXT='o'
PACKAGE_BUGREPORT='jupiter-bugs@example.org'
PACKAGE_NAME='Jupiter'
PACKAGE_STRING='Jupiter 1.0'
PACKAGE_TARNAME='jupiter'
PACKAGE_URL=''
PACKAGE_VERSION='1.0'
PATH_SEPARATOR=':'
SHELL='/bin/sh'
ac_ct_CC='gcc'
bindir='${exec_prefix}/bin'
build_alias=''
datadir='${datarootdir}'
datarootdir='${prefix}/share'
docdir='${datarootdir}/doc/${PACKAGE_TARNAME}'
dvidir='${docdir}'
exec_prefix='${prefix}'
host_alias=''
htmldir='${docdir}'
includedir='${prefix}/include'
infodir='${datarootdir}/info'
libdir='${exec_prefix}/lib'
libexecdir='${exec_prefix}/libexec'
localedir='${datarootdir}/locale'
localstatedir='${prefix}/var'
mandir='${datarootdir}/man'
oldincludedir='/usr/include'
pdfdir='${docdir}'
prefix='/usr/local'
program_transform_name='s,x,x,'
psdir='${docdir}'
sbindir='${exec_prefix}/sbin'
sharedstatedir='${prefix}/com'
sysconfdir='${prefix}/etc'
target_alias=''

## ----------- ##
## confdefs.h. ##
## ----------- ##

/* confdefs.h */
#define PACKAGE_NAME "Jupiter"
#define PACKAGE_TARNAME "jupiter"
#define PACKAGE_VERSION "1.0"
#define PACKAGE_STRING "Jupiter 1.0"
#define PACKAGE_BUGREPORT "jupiter-bugs@example.org"
#define PACKAGE_URL ""
#define STDC_HEADERS 1
#define HAVE_SYS_TYPES_H 1
#define HAVE_SYS_STAT_H 1
#define HAVE_STDLIB_H 1
#define HAVE_STRING_H 1
#define HAVE_MEMORY_H 1
#define HAVE_STRINGS_H 1
#define HAVE_INTTYPES_H 1
#define HAVE_STDINT_H 1
#define HAVE_UNISTD_H 1
#define HAVE_STDLIB_H 1

configure: exit 0
